2017-08-18 14:03:56,519  INFO Application:48 - Starting Application on DESKTOP-SVB84HS with PID 3540 (D:\Code\timecard\boCloudWork\target\classes started by ShuMengke in D:\Code\timecard\boCloudWork)
2017-08-18 14:03:56,522  INFO Application:593 - No active profile set, falling back to default profiles: default
2017-08-18 14:03:56,553  INFO AnnotationConfigEmbeddedWebApplicationContext:583 - Refreshing org.springframework.boot.context.embedded.AnnotationConfigEmbeddedWebApplicationContext@543c6f6d: startup date [Fri Aug 18 14:03:56 CST 2017]; root of context hierarchy
2017-08-18 14:03:56,960  INFO Version:30 - HV000001: Hibernate Validator 5.3.5.Final
2017-08-18 14:03:57,210  INFO DefaultListableBeanFactory:828 - Overriding bean definition for bean 'dataSource' with a different definition: replacing [Root bean: class [null]; scope=; abstract=false; lazyInit=false; autowireMode=3; dependencyCheck=0; autowireCandidate=true; primary=false; factoryBeanName=org.springframework.boot.autoconfigure.jdbc.DataSourceConfiguration$Generic; factoryMethodName=dataSource; initMethodName=null; destroyMethodName=(inferred); defined in class path resource [org/springframework/boot/autoconfigure/jdbc/DataSourceConfiguration$Generic.class]] with [Root bean: class [null]; scope=; abstract=false; lazyInit=false; autowireMode=3; dependencyCheck=0; autowireCandidate=true; primary=false; factoryBeanName=org.springframework.boot.autoconfigure.jdbc.DataSourceConfiguration$Hikari; factoryMethodName=dataSource; initMethodName=null; destroyMethodName=(inferred); defined in class path resource [org/springframework/boot/autoconfigure/jdbc/DataSourceConfiguration$Hikari.class]]
2017-08-18 14:03:57,903  INFO TomcatEmbeddedServletContainer:89 - Tomcat initialized with port(s): 8080 (http)
2017-08-18 14:03:58,049  INFO ContextLoader:276 - Root WebApplicationContext: initialization completed in 1498 ms
2017-08-18 14:03:58,214  INFO ServletRegistrationBean:190 - Mapping servlet: 'dispatcherServlet' to [/]
2017-08-18 14:03:58,220  INFO FilterRegistrationBean:258 - Mapping filter: 'characterEncodingFilter' to: [/*]
2017-08-18 14:03:58,221  INFO FilterRegistrationBean:258 - Mapping filter: 'hiddenHttpMethodFilter' to: [/*]
2017-08-18 14:03:58,222  INFO FilterRegistrationBean:258 - Mapping filter: 'httpPutFormContentFilter' to: [/*]
2017-08-18 14:03:58,222  INFO FilterRegistrationBean:258 - Mapping filter: 'requestContextFilter' to: [/*]
2017-08-18 14:03:58,426  INFO HikariDataSource:95 - HikariPool-1 - Starting...
2017-08-18 14:03:58,633  INFO HikariDataSource:107 - HikariPool-1 - Start completed.
2017-08-18 14:03:59,372  INFO RequestMappingHandlerAdapter:534 - Looking for @ControllerAdvice: org.springframework.boot.context.embedded.AnnotationConfigEmbeddedWebApplicationContext@543c6f6d: startup date [Fri Aug 18 14:03:56 CST 2017]; root of context hierarchy
2017-08-18 14:03:59,483  INFO RequestMappingHandlerMapping:543 - Mapped "{[/department/addDepartment]}" onto public java.lang.String com.bocloud.work.controller.DepartmentController.addDepartment(com.bocloud.work.entity.Department,org.springframework.ui.Model)
2017-08-18 14:03:59,486  INFO RequestMappingHandlerMapping:543 - Mapped "{[/department/delDepartment]}" onto public void com.bocloud.work.controller.DepartmentController.delDepartment(int,javax.servlet.http.HttpServletRequest,javax.servlet.http.HttpServletResponse)
2017-08-18 14:03:59,487  INFO RequestMappingHandlerMapping:543 - Mapped "{[/department/getDepartment]}" onto public java.lang.String com.bocloud.work.controller.DepartmentController.getDepartment(int,javax.servlet.http.HttpServletRequest,org.springframework.ui.Model)
2017-08-18 14:03:59,488  INFO RequestMappingHandlerMapping:543 - Mapped "{[/department/AddDepartment]}" onto public java.lang.String com.bocloud.work.controller.DepartmentController.toAddDepartment()
2017-08-18 14:03:59,490  INFO RequestMappingHandlerMapping:543 - Mapped "{[/department/updateDepartment]}" onto public java.lang.String com.bocloud.work.controller.DepartmentController.updateDepartment(com.bocloud.work.entity.Department,javax.servlet.http.HttpServletRequest,org.springframework.ui.Model)
2017-08-18 14:03:59,490  INFO RequestMappingHandlerMapping:543 - Mapped "{[/department/getAllDepartment]}" onto public org.springframework.web.servlet.ModelAndView com.bocloud.work.controller.DepartmentController.getAllDepartment()
2017-08-18 14:03:59,494  INFO RequestMappingHandlerMapping:543 - Mapped "{[/index]}" onto public java.lang.String com.bocloud.work.controller.HelloController.index()
2017-08-18 14:03:59,495  INFO RequestMappingHandlerMapping:543 - Mapped "{[/]}" onto public java.lang.String com.bocloud.work.controller.HelloController.home()
2017-08-18 14:03:59,499  INFO RequestMappingHandlerMapping:543 - Mapped "{[/project/getAllProject]}" onto public org.springframework.web.servlet.ModelAndView com.bocloud.work.controller.ProjectController.getAllProject()
2017-08-18 14:03:59,500  INFO RequestMappingHandlerMapping:543 - Mapped "{[/project/getProject]}" onto public java.lang.String com.bocloud.work.controller.ProjectController.getProject(int,javax.servlet.http.HttpServletRequest,org.springframework.ui.Model)
2017-08-18 14:03:59,503  INFO RequestMappingHandlerMapping:543 - Mapped "{[/project/delProject]}" onto public void com.bocloud.work.controller.ProjectController.delProject(int,javax.servlet.http.HttpServletRequest,javax.servlet.http.HttpServletResponse)
2017-08-18 14:03:59,504  INFO RequestMappingHandlerMapping:543 - Mapped "{[/project/addProject]}" onto public java.lang.String com.bocloud.work.controller.ProjectController.addProject(com.bocloud.work.entity.Project,org.springframework.ui.Model)
2017-08-18 14:03:59,505  INFO RequestMappingHandlerMapping:543 - Mapped "{[/project/AddProject]}" onto public java.lang.String com.bocloud.work.controller.ProjectController.toAddProject()
2017-08-18 14:03:59,506  INFO RequestMappingHandlerMapping:543 - Mapped "{[/project/updateProject]}" onto public java.lang.String com.bocloud.work.controller.ProjectController.updateProject(com.bocloud.work.entity.Project,javax.servlet.http.HttpServletRequest,org.springframework.ui.Model)
2017-08-18 14:03:59,513  INFO RequestMappingHandlerMapping:543 - Mapped "{[/salary/addSalary]}" onto public java.lang.String com.bocloud.work.controller.SalaryController.addSalary(com.bocloud.work.entity.Salary,org.springframework.ui.Model)
2017-08-18 14:03:59,515  INFO RequestMappingHandlerMapping:543 - Mapped "{[/salary/delSalary]}" onto public void com.bocloud.work.controller.SalaryController.delSalary(int,javax.servlet.http.HttpServletRequest,javax.servlet.http.HttpServletResponse)
2017-08-18 14:03:59,515  INFO RequestMappingHandlerMapping:543 - Mapped "{[/salary/updateSalary]}" onto public java.lang.String com.bocloud.work.controller.SalaryController.updateSalary(com.bocloud.work.entity.Salary,javax.servlet.http.HttpServletRequest,org.springframework.ui.Model)
2017-08-18 14:03:59,516  INFO RequestMappingHandlerMapping:543 - Mapped "{[/salary/getSalary]}" onto public java.lang.String com.bocloud.work.controller.SalaryController.getSalary(int,javax.servlet.http.HttpServletRequest,org.springframework.ui.Model)
2017-08-18 14:03:59,517  INFO RequestMappingHandlerMapping:543 - Mapped "{[/salary/AddSalary]}" onto public java.lang.String com.bocloud.work.controller.SalaryController.toAddSalary()
2017-08-18 14:03:59,517  INFO RequestMappingHandlerMapping:543 - Mapped "{[/salary/getAllSalary]}" onto public org.springframework.web.servlet.ModelAndView com.bocloud.work.controller.SalaryController.getAllSalary()
2017-08-18 14:03:59,520  INFO RequestMappingHandlerMapping:543 - Mapped "{[/user/delUser]}" onto public void com.bocloud.work.controller.UserController.delUser(int,javax.servlet.http.HttpServletRequest,javax.servlet.http.HttpServletResponse)
2017-08-18 14:03:59,521  INFO RequestMappingHandlerMapping:543 - Mapped "{[/user/updateUser]}" onto public java.lang.String com.bocloud.work.controller.UserController.updateUser(com.bocloud.work.entity.User,javax.servlet.http.HttpServletRequest,org.springframework.ui.Model)
2017-08-18 14:03:59,522  INFO RequestMappingHandlerMapping:543 - Mapped "{[/user/getUser]}" onto public java.lang.String com.bocloud.work.controller.UserController.getUser(int,javax.servlet.http.HttpServletRequest,org.springframework.ui.Model)
2017-08-18 14:03:59,522  INFO RequestMappingHandlerMapping:543 - Mapped "{[/user/getAllUser]}" onto public org.springframework.web.servlet.ModelAndView com.bocloud.work.controller.UserController.getAllUser()
2017-08-18 14:03:59,523  INFO RequestMappingHandlerMapping:543 - Mapped "{[/user/AddUser]}" onto public java.lang.String com.bocloud.work.controller.UserController.toAddUser()
2017-08-18 14:03:59,523  INFO RequestMappingHandlerMapping:543 - Mapped "{[/user/userlogin]}" onto public java.lang.String com.bocloud.work.controller.UserController.login(com.bocloud.work.entity.User,org.springframework.ui.Model) throws java.lang.Exception
2017-08-18 14:03:59,523  INFO RequestMappingHandlerMapping:543 - Mapped "{[/user/addUser]}" onto public java.lang.String com.bocloud.work.controller.UserController.addUser(com.bocloud.work.entity.User,org.springframework.ui.Model)
2017-08-18 14:03:59,525  INFO RequestMappingHandlerMapping:543 - Mapped "{[/error]}" onto public org.springframework.http.ResponseEntity<java.util.Map<java.lang.String, java.lang.Object>> org.springframework.boot.autoconfigure.web.BasicErrorController.error(javax.servlet.http.HttpServletRequest)
2017-08-18 14:03:59,525  INFO RequestMappingHandlerMapping:543 - Mapped "{[/error],produces=[text/html]}" onto public org.springframework.web.servlet.ModelAndView org.springframework.boot.autoconfigure.web.BasicErrorController.errorHtml(javax.servlet.http.HttpServletRequest,javax.servlet.http.HttpServletResponse)
2017-08-18 14:03:59,558  INFO SimpleUrlHandlerMapping:362 - Mapped URL path [/webjars/**] onto handler of type [class org.springframework.web.servlet.resource.ResourceHttpRequestHandler]
2017-08-18 14:03:59,558  INFO SimpleUrlHandlerMapping:362 - Mapped URL path [/**] onto handler of type [class org.springframework.web.servlet.resource.ResourceHttpRequestHandler]
2017-08-18 14:03:59,631  INFO SimpleUrlHandlerMapping:362 - Mapped URL path [/**/favicon.ico] onto handler of type [class org.springframework.web.servlet.resource.ResourceHttpRequestHandler]
2017-08-18 14:03:59,645  INFO WebMvcAutoConfiguration$WelcomePageHandlerMapping:549 - Adding welcome page: class path resource [static/index.html]
2017-08-18 14:03:59,820  INFO AnnotationMBeanExporter:431 - Registering beans for JMX exposure on startup
2017-08-18 14:03:59,822  INFO AnnotationMBeanExporter:916 - Bean with name 'dataSource' has been autodetected for JMX exposure
2017-08-18 14:03:59,825  INFO AnnotationMBeanExporter:671 - Located MBean 'dataSource': registering with JMX server as MBean [com.zaxxer.hikari:name=dataSource,type=HikariDataSource]
2017-08-18 14:03:59,869  INFO TomcatEmbeddedServletContainer:201 - Tomcat started on port(s): 8080 (http)
2017-08-18 14:03:59,872  INFO Application:57 - Started Application in 3.708 seconds (JVM running for 4.229)
2017-08-18 14:05:10,707  INFO DispatcherServlet:489 - FrameworkServlet 'dispatcherServlet': initialization started
2017-08-18 14:05:10,723  INFO DispatcherServlet:508 - FrameworkServlet 'dispatcherServlet': initialization completed in 15 ms
